[0.031s] Invoking command in '/home/yu/autonomy_ws/build/autonomy_repo': CMAKE_PREFIX_PATH=${CMAKE_PREFIX_PATH}:/opt/ros/humble /usr/bin/cmake /home/yu/autonomy_ws/src/autonomy_repo -DCMAKE_INSTALL_PREFIX=/home/yu/autonomy_ws/install/autonomy_repo
[0.118s] -- The C compiler identification is GNU 11.4.0
[0.177s] -- The CXX compiler identification is GNU 11.4.0
[0.185s] -- Detecting C compiler ABI info
[0.228s] -- Detecting C compiler ABI info - done
[0.231s] -- Check for working C compiler: /usr/bin/cc - skipped
[0.232s] -- Detecting C compile features
[0.232s] -- Detecting C compile features - done
[0.234s] -- Detecting CXX compiler ABI info
[0.280s] -- Detecting CXX compiler ABI info - done
[0.284s] -- Check for working CXX compiler: /usr/bin/c++ - skipped
[0.284s] -- Detecting CXX compile features
[0.284s] -- Detecting CXX compile features - done
[0.286s] -- Found ament_cmake: 1.3.5 (/opt/ros/humble/share/ament_cmake/cmake)
[0.390s] -- Found Python3: /usr/bin/python3.10 (found version "3.10.12") found components: Interpreter 
[0.461s] -- Found ament_lint_auto: 0.12.8 (/opt/ros/humble/share/ament_lint_auto/cmake)
[0.512s] -- Added test 'flake8' to check Python code syntax and style conventions
[0.513s] -- Added test 'lint_cmake' to check CMake code style
[0.514s] -- Added test 'pep257' to check Python code against some of the docstring style conventions in PEP 257
[0.514s] -- Added test 'xmllint' to check XML markup files
[0.516s] -- Configuring done
[0.517s] -- Generating done
[0.517s] -- Build files have been written to: /home/yu/autonomy_ws/build/autonomy_repo
[0.520s] Invoked command in '/home/yu/autonomy_ws/build/autonomy_repo' returned '0': CMAKE_PREFIX_PATH=${CMAKE_PREFIX_PATH}:/opt/ros/humble /usr/bin/cmake /home/yu/autonomy_ws/src/autonomy_repo -DCMAKE_INSTALL_PREFIX=/home/yu/autonomy_ws/install/autonomy_repo
[0.520s] Invoking command in '/home/yu/autonomy_ws/build/autonomy_repo': CMAKE_PREFIX_PATH=${CMAKE_PREFIX_PATH}:/opt/ros/humble /usr/bin/cmake --build /home/yu/autonomy_ws/build/autonomy_repo -- -j20 -l20
[0.542s] Invoked command in '/home/yu/autonomy_ws/build/autonomy_repo' returned '0': CMAKE_PREFIX_PATH=${CMAKE_PREFIX_PATH}:/opt/ros/humble /usr/bin/cmake --build /home/yu/autonomy_ws/build/autonomy_repo -- -j20 -l20
[0.558s] Invoking command in '/home/yu/autonomy_ws/build/autonomy_repo': CMAKE_PREFIX_PATH=${CMAKE_PREFIX_PATH}:/opt/ros/humble /usr/bin/cmake --install /home/yu/autonomy_ws/build/autonomy_repo
[0.562s] -- Install configuration: ""
[0.562s] -- Installing: /home/yu/autonomy_ws/install/autonomy_repo/lib/autonomy_repo/heading_controller.py
[0.562s] -- Installing: /home/yu/autonomy_ws/install/autonomy_repo/lib/autonomy_repo/p3_plot.py
[0.562s] -- Installing: /home/yu/autonomy_ws/install/autonomy_repo/share/autonomy_repo/launch
[0.562s] -- Installing: /home/yu/autonomy_ws/install/autonomy_repo/share/autonomy_repo/launch/heading_control.launch.py
[0.563s] -- Installing: /home/yu/autonomy_ws/install/autonomy_repo/share/autonomy_repo/rviz
[0.563s] -- Installing: /home/yu/autonomy_ws/install/autonomy_repo/share/autonomy_repo/rviz/default.rviz
[0.563s] -- Installing: /home/yu/autonomy_ws/install/autonomy_repo/share/ament_index/resource_index/package_run_dependencies/autonomy_repo
[0.563s] -- Installing: /home/yu/autonomy_ws/install/autonomy_repo/share/ament_index/resource_index/parent_prefix_path/autonomy_repo
[0.563s] -- Installing: /home/yu/autonomy_ws/install/autonomy_repo/share/autonomy_repo/environment/ament_prefix_path.sh
[0.563s] -- Installing: /home/yu/autonomy_ws/install/autonomy_repo/share/autonomy_repo/environment/ament_prefix_path.dsv
[0.563s] -- Installing: /home/yu/autonomy_ws/install/autonomy_repo/share/autonomy_repo/environment/path.sh
[0.563s] -- Installing: /home/yu/autonomy_ws/install/autonomy_repo/share/autonomy_repo/environment/path.dsv
[0.563s] -- Installing: /home/yu/autonomy_ws/install/autonomy_repo/share/autonomy_repo/local_setup.bash
[0.563s] -- Installing: /home/yu/autonomy_ws/install/autonomy_repo/share/autonomy_repo/local_setup.sh
[0.563s] -- Installing: /home/yu/autonomy_ws/install/autonomy_repo/share/autonomy_repo/local_setup.zsh
[0.563s] -- Installing: /home/yu/autonomy_ws/install/autonomy_repo/share/autonomy_repo/local_setup.dsv
[0.563s] -- Installing: /home/yu/autonomy_ws/install/autonomy_repo/share/autonomy_repo/package.dsv
[0.563s] -- Installing: /home/yu/autonomy_ws/install/autonomy_repo/share/ament_index/resource_index/packages/autonomy_repo
[0.563s] -- Installing: /home/yu/autonomy_ws/install/autonomy_repo/share/autonomy_repo/cmake/autonomy_repoConfig.cmake
[0.563s] -- Installing: /home/yu/autonomy_ws/install/autonomy_repo/share/autonomy_repo/cmake/autonomy_repoConfig-version.cmake
[0.563s] -- Installing: /home/yu/autonomy_ws/install/autonomy_repo/share/autonomy_repo/package.xml
[0.564s] Invoked command in '/home/yu/autonomy_ws/build/autonomy_repo' returned '0': CMAKE_PREFIX_PATH=${CMAKE_PREFIX_PATH}:/opt/ros/humble /usr/bin/cmake --install /home/yu/autonomy_ws/build/autonomy_repo
