[0.034s] Invoking command in '/home/yu/autonomy_ws/build/autonomy_repo': CMAKE_PREFIX_PATH=${CMAKE_PREFIX_PATH}:/opt/ros/humble /usr/bin/cmake --build /home/yu/autonomy_ws/build/autonomy_repo -- -j20 -l20
[0.072s] -- Found ament_cmake: 1.3.5 (/opt/ros/humble/share/ament_cmake/cmake)
[0.172s] -- Found ament_lint_auto: 0.12.8 (/opt/ros/humble/share/ament_lint_auto/cmake)
[0.217s] -- Added test 'flake8' to check Python code syntax and style conventions
[0.217s] -- Added test 'lint_cmake' to check CMake code style
[0.217s] -- Added test 'pep257' to check Python code against some of the docstring style conventions in PEP 257
[0.218s] -- Added test 'xmllint' to check XML markup files
[0.219s] -- Configuring done
[0.222s] -- Generating done
[0.223s] -- Build files have been written to: /home/yu/autonomy_ws/build/autonomy_repo
[0.236s] Invoked command in '/home/yu/autonomy_ws/build/autonomy_repo' returned '0': CMAKE_PREFIX_PATH=${CMAKE_PREFIX_PATH}:/opt/ros/humble /usr/bin/cmake --build /home/yu/autonomy_ws/build/autonomy_repo -- -j20 -l20
[0.252s] Invoking command in '/home/yu/autonomy_ws/build/autonomy_repo': CMAKE_PREFIX_PATH=${CMAKE_PREFIX_PATH}:/opt/ros/humble /usr/bin/cmake --install /home/yu/autonomy_ws/build/autonomy_repo
[0.255s] -- Install configuration: ""
[0.255s] -- Up-to-date: /home/yu/autonomy_ws/install/autonomy_repo/lib/autonomy_repo/heading_controller.py
[0.255s] -- Up-to-date: /home/yu/autonomy_ws/install/autonomy_repo/lib/autonomy_repo/p3_plot.py
[0.255s] -- Installing: /home/yu/autonomy_ws/install/autonomy_repo/lib/autonomy_repo/navigator.py
[0.255s] -- Up-to-date: /home/yu/autonomy_ws/install/autonomy_repo/share/autonomy_repo/launch
[0.255s] -- Installing: /home/yu/autonomy_ws/install/autonomy_repo/share/autonomy_repo/launch/navigator.launch.py
[0.255s] -- Up-to-date: /home/yu/autonomy_ws/install/autonomy_repo/share/autonomy_repo/launch/heading_control.launch.py
[0.256s] -- Up-to-date: /home/yu/autonomy_ws/install/autonomy_repo/share/autonomy_repo/rviz
[0.256s] -- Up-to-date: /home/yu/autonomy_ws/install/autonomy_repo/share/autonomy_repo/rviz/default.rviz
[0.256s] -- Up-to-date: /home/yu/autonomy_ws/install/autonomy_repo/share/ament_index/resource_index/package_run_dependencies/autonomy_repo
[0.256s] -- Up-to-date: /home/yu/autonomy_ws/install/autonomy_repo/share/ament_index/resource_index/parent_prefix_path/autonomy_repo
[0.256s] -- Up-to-date: /home/yu/autonomy_ws/install/autonomy_repo/share/autonomy_repo/environment/ament_prefix_path.sh
[0.256s] -- Installing: /home/yu/autonomy_ws/install/autonomy_repo/share/autonomy_repo/environment/ament_prefix_path.dsv
[0.256s] -- Up-to-date: /home/yu/autonomy_ws/install/autonomy_repo/share/autonomy_repo/environment/path.sh
[0.256s] -- Installing: /home/yu/autonomy_ws/install/autonomy_repo/share/autonomy_repo/environment/path.dsv
[0.256s] -- Up-to-date: /home/yu/autonomy_ws/install/autonomy_repo/share/autonomy_repo/local_setup.bash
[0.256s] -- Up-to-date: /home/yu/autonomy_ws/install/autonomy_repo/share/autonomy_repo/local_setup.sh
[0.256s] -- Up-to-date: /home/yu/autonomy_ws/install/autonomy_repo/share/autonomy_repo/local_setup.zsh
[0.256s] -- Installing: /home/yu/autonomy_ws/install/autonomy_repo/share/autonomy_repo/local_setup.dsv
[0.256s] -- Installing: /home/yu/autonomy_ws/install/autonomy_repo/share/autonomy_repo/package.dsv
[0.256s] -- Up-to-date: /home/yu/autonomy_ws/install/autonomy_repo/share/ament_index/resource_index/packages/autonomy_repo
[0.256s] -- Up-to-date: /home/yu/autonomy_ws/install/autonomy_repo/share/autonomy_repo/cmake/autonomy_repoConfig.cmake
[0.256s] -- Up-to-date: /home/yu/autonomy_ws/install/autonomy_repo/share/autonomy_repo/cmake/autonomy_repoConfig-version.cmake
[0.256s] -- Up-to-date: /home/yu/autonomy_ws/install/autonomy_repo/share/autonomy_repo/package.xml
[0.257s] Invoked command in '/home/yu/autonomy_ws/build/autonomy_repo' returned '0': CMAKE_PREFIX_PATH=${CMAKE_PREFIX_PATH}:/opt/ros/humble /usr/bin/cmake --install /home/yu/autonomy_ws/build/autonomy_repo
