[0.593s] DEBUG:colcon:Command line arguments: ['/usr/bin/colcon', 'build']
[0.593s] DEBUG:colcon:Parsed command line arguments: Namespace(log_base=None, log_level=None, verb_name='build', build_base='build', install_base='install', merge_install=False, symlink_install=False, test_result_base=None, continue_on_error=False, executor='parallel', parallel_workers=20, event_handlers=None, ignore_user_meta=False, metas=['./colcon.meta'], base_paths=['.'], packages_ignore=None, packages_ignore_regex=None, paths=None, packages_up_to=None, packages_up_to_regex=None, packages_above=None, packages_above_and_dependencies=None, packages_above_depth=None, packages_select_by_dep=None, packages_skip_by_dep=None, packages_skip_up_to=None, packages_select_build_failed=False, packages_skip_build_finished=False, packages_select_test_failures=False, packages_skip_test_passed=False, packages_select=None, packages_skip=None, packages_select_regex=None, packages_skip_regex=None, packages_start=None, packages_end=None, allow_overriding=[], cmake_args=None, cmake_target=None, cmake_target_skip_unavailable=False, cmake_clean_cache=False, cmake_clean_first=False, cmake_force_configure=False, ament_cmake_args=None, catkin_cmake_args=None, catkin_skip_building_tests=False, verb_parser=<colcon_defaults.argument_parser.defaults.DefaultArgumentsDecorator object at 0x7f510ad14fd0>, verb_extension=<colcon_core.verb.build.BuildVerb object at 0x7f510b7bbf10>, main=<bound method BuildVerb.main of <colcon_core.verb.build.BuildVerb object at 0x7f510b7bbf10>>)
[0.622s] Level 1:colcon.colcon_core.package_discovery:discover_packages(colcon_meta) check parameters
[0.622s] Level 1:colcon.colcon_core.package_discovery:discover_packages(recursive) check parameters
[0.622s] Level 1:colcon.colcon_core.package_discovery:discover_packages(ignore) check parameters
[0.622s] Level 1:colcon.colcon_core.package_discovery:discover_packages(path) check parameters
[0.622s] Level 1:colcon.colcon_core.package_discovery:discover_packages(colcon_meta) discover
[0.622s] Level 1:colcon.colcon_core.package_discovery:discover_packages(recursive) discover
[0.622s] INFO:colcon.colcon_core.package_discovery:Crawling recursively for packages in '/home/yu/autonomy_ws'
[0.622s] Level 1:colcon.colcon_core.package_identification:_identify(.) by extensions ['ignore', 'ignore_ament_install']
[0.622s] Level 1:colcon.colcon_core.package_identification:_identify(.) by extension 'ignore'
[0.622s] Level 1:colcon.colcon_core.package_identification:_identify(.) by extension 'ignore_ament_install'
[0.622s] Level 1:colcon.colcon_core.package_identification:_identify(.) by extensions ['colcon_pkg']
[0.622s] Level 1:colcon.colcon_core.package_identification:_identify(.) by extension 'colcon_pkg'
[0.622s] Level 1:colcon.colcon_core.package_identification:_identify(.) by extensions ['colcon_meta']
[0.622s] Level 1:colcon.colcon_core.package_identification:_identify(.) by extension 'colcon_meta'
[0.622s] Level 1:colcon.colcon_core.package_identification:_identify(.) by extensions ['ros']
[0.622s] Level 1:colcon.colcon_core.package_identification:_identify(.) by extension 'ros'
[0.630s] Level 1:colcon.colcon_core.package_identification:_identify(.) by extensions ['cmake', 'python']
[0.630s] Level 1:colcon.colcon_core.package_identification:_identify(.) by extension 'cmake'
[0.630s] Level 1:colcon.colcon_core.package_identification:_identify(.) by extension 'python'
[0.630s] Level 1:colcon.colcon_core.package_identification:_identify(.) by extensions ['python_setup_py']
[0.630s] Level 1:colcon.colcon_core.package_identification:_identify(.) by extension 'python_setup_py'
[0.630s] Level 1:colcon.colcon_core.package_identification:_identify(build) by extensions ['ignore', 'ignore_ament_install']
[0.630s] Level 1:colcon.colcon_core.package_identification:_identify(build) by extension 'ignore'
[0.630s] Level 1:colcon.colcon_core.package_identification:_identify(build) ignored
[0.630s] Level 1:colcon.colcon_core.package_identification:_identify(install) by extensions ['ignore', 'ignore_ament_install']
[0.630s] Level 1:colcon.colcon_core.package_identification:_identify(install) by extension 'ignore'
[0.630s] Level 1:colcon.colcon_core.package_identification:_identify(install) ignored
[0.630s] Level 1:colcon.colcon_core.package_identification:_identify(log) by extensions ['ignore', 'ignore_ament_install']
[0.630s] Level 1:colcon.colcon_core.package_identification:_identify(log) by extension 'ignore'
[0.630s] Level 1:colcon.colcon_core.package_identification:_identify(log) ignored
[0.630s] Level 1:colcon.colcon_core.package_identification:_identify(src) by extensions ['ignore', 'ignore_ament_install']
[0.630s] Level 1:colcon.colcon_core.package_identification:_identify(src) by extension 'ignore'
[0.630s] Level 1:colcon.colcon_core.package_identification:_identify(src) by extension 'ignore_ament_install'
[0.630s] Level 1:colcon.colcon_core.package_identification:_identify(src) by extensions ['colcon_pkg']
[0.630s] Level 1:colcon.colcon_core.package_identification:_identify(src) by extension 'colcon_pkg'
[0.630s] Level 1:colcon.colcon_core.package_identification:_identify(src) by extensions ['colcon_meta']
[0.630s] Level 1:colcon.colcon_core.package_identification:_identify(src) by extension 'colcon_meta'
[0.630s] Level 1:colcon.colcon_core.package_identification:_identify(src) by extensions ['ros']
[0.630s] Level 1:colcon.colcon_core.package_identification:_identify(src) by extension 'ros'
[0.631s] Level 1:colcon.colcon_core.package_identification:_identify(src) by extensions ['cmake', 'python']
[0.631s] Level 1:colcon.colcon_core.package_identification:_identify(src) by extension 'cmake'
[0.631s] Level 1:colcon.colcon_core.package_identification:_identify(src) by extension 'python'
[0.631s] Level 1:colcon.colcon_core.package_identification:_identify(src) by extensions ['python_setup_py']
[0.631s] Level 1:colcon.colcon_core.package_identification:_identify(src) by extension 'python_setup_py'
[0.631s] Level 1:colcon.colcon_core.package_identification:_identify(src/autonomy_repo) by extensions ['ignore', 'ignore_ament_install']
[0.631s] Level 1:colcon.colcon_core.package_identification:_identify(src/autonomy_repo) by extension 'ignore'
[0.631s] Level 1:colcon.colcon_core.package_identification:_identify(src/autonomy_repo) by extension 'ignore_ament_install'
[0.631s] Level 1:colcon.colcon_core.package_identification:_identify(src/autonomy_repo) by extensions ['colcon_pkg']
[0.631s] Level 1:colcon.colcon_core.package_identification:_identify(src/autonomy_repo) by extension 'colcon_pkg'
[0.631s] Level 1:colcon.colcon_core.package_identification:_identify(src/autonomy_repo) by extensions ['colcon_meta']
[0.631s] Level 1:colcon.colcon_core.package_identification:_identify(src/autonomy_repo) by extension 'colcon_meta'
[0.631s] Level 1:colcon.colcon_core.package_identification:_identify(src/autonomy_repo) by extensions ['ros']
[0.631s] Level 1:colcon.colcon_core.package_identification:_identify(src/autonomy_repo) by extension 'ros'
[0.633s] DEBUG:colcon.colcon_core.package_identification:Package 'src/autonomy_repo' with type 'ros.ament_cmake' and name 'autonomy_repo'
[0.633s] Level 1:colcon.colcon_core.package_discovery:discover_packages(recursive) using defaults
[0.633s] Level 1:colcon.colcon_core.package_discovery:discover_packages(ignore) discover
[0.633s] Level 1:colcon.colcon_core.package_discovery:discover_packages(ignore) using defaults
[0.633s] Level 1:colcon.colcon_core.package_discovery:discover_packages(path) discover
[0.633s] Level 1:colcon.colcon_core.package_discovery:discover_packages(path) using defaults
[0.688s] Level 1:colcon.colcon_core.package_discovery:discover_packages(prefix_path) check parameters
[0.688s] Level 1:colcon.colcon_core.package_discovery:discover_packages(prefix_path) discover
[0.705s] DEBUG:colcon.colcon_installed_package_information.package_discovery:Found 1 installed packages in /home/yu/autonomy_ws/install
[0.713s] DEBUG:colcon.colcon_installed_package_information.package_discovery:Found 17 installed packages in /home/yu/tb_ws/install
[0.723s] DEBUG:colcon.colcon_installed_package_information.package_discovery:Found 297 installed packages in /opt/ros/humble
[0.731s] Level 1:colcon.colcon_core.package_discovery:discover_packages(prefix_path) using defaults
[0.786s] Level 5:colcon.colcon_core.verb:set package 'autonomy_repo' build argument 'cmake_args' from command line to 'None'
[0.786s] Level 5:colcon.colcon_core.verb:set package 'autonomy_repo' build argument 'cmake_target' from command line to 'None'
[0.786s] Level 5:colcon.colcon_core.verb:set package 'autonomy_repo' build argument 'cmake_target_skip_unavailable' from command line to 'False'
[0.786s] Level 5:colcon.colcon_core.verb:set package 'autonomy_repo' build argument 'cmake_clean_cache' from command line to 'False'
[0.786s] Level 5:colcon.colcon_core.verb:set package 'autonomy_repo' build argument 'cmake_clean_first' from command line to 'False'
[0.786s] Level 5:colcon.colcon_core.verb:set package 'autonomy_repo' build argument 'cmake_force_configure' from command line to 'False'
[0.786s] Level 5:colcon.colcon_core.verb:set package 'autonomy_repo' build argument 'ament_cmake_args' from command line to 'None'
[0.786s] Level 5:colcon.colcon_core.verb:set package 'autonomy_repo' build argument 'catkin_cmake_args' from command line to 'None'
[0.786s] Level 5:colcon.colcon_core.verb:set package 'autonomy_repo' build argument 'catkin_skip_building_tests' from command line to 'False'
[0.786s] DEBUG:colcon.colcon_core.verb:Building package 'autonomy_repo' with the following arguments: {'ament_cmake_args': None, 'build_base': '/home/yu/autonomy_ws/build/autonomy_repo', 'catkin_cmake_args': None, 'catkin_skip_building_tests': False, 'cmake_args': None, 'cmake_clean_cache': False, 'cmake_clean_first': False, 'cmake_force_configure': False, 'cmake_target': None, 'cmake_target_skip_unavailable': False, 'install_base': '/home/yu/autonomy_ws/install/autonomy_repo', 'merge_install': False, 'path': '/home/yu/autonomy_ws/src/autonomy_repo', 'symlink_install': False, 'test_result_base': None}
[0.795s] INFO:colcon.colcon_core.executor:Executing jobs using 'parallel' executor
[0.804s] DEBUG:colcon.colcon_parallel_executor.executor.parallel:run_until_complete
[0.804s] INFO:colcon.colcon_ros.task.ament_cmake.build:Building ROS package in '/home/yu/autonomy_ws/src/autonomy_repo' with build type 'ament_cmake'
[0.804s] INFO:colcon.colcon_cmake.task.cmake.build:Building CMake package in '/home/yu/autonomy_ws/src/autonomy_repo'
[0.814s] INFO:colcon.colcon_core.plugin_system:Skipping extension 'colcon_core.shell.bat': Not used on non-Windows systems
[0.814s] INFO:colcon.colcon_core.shell:Skip shell extension 'powershell' for command environment: Not usable outside of PowerShell
[0.814s] DEBUG:colcon.colcon_core.shell:Skip shell extension 'dsv' for command environment
[0.854s] DEBUG:colcon.colcon_core.event_handler.log_command:Invoking command in '/home/yu/autonomy_ws/build/autonomy_repo': CMAKE_PREFIX_PATH=${CMAKE_PREFIX_PATH}:/opt/ros/humble /usr/bin/cmake --build /home/yu/autonomy_ws/build/autonomy_repo -- -j20 -l20
[0.879s] DEBUG:colcon.colcon_core.event_handler.log_command:Invoked command in '/home/yu/autonomy_ws/build/autonomy_repo' returned '0': CMAKE_PREFIX_PATH=${CMAKE_PREFIX_PATH}:/opt/ros/humble /usr/bin/cmake --build /home/yu/autonomy_ws/build/autonomy_repo -- -j20 -l20
[0.899s] DEBUG:colcon.colcon_core.event_handler.log_command:Invoking command in '/home/yu/autonomy_ws/build/autonomy_repo': CMAKE_PREFIX_PATH=${CMAKE_PREFIX_PATH}:/opt/ros/humble /usr/bin/cmake --install /home/yu/autonomy_ws/build/autonomy_repo
[0.905s] Level 1:colcon.colcon_core.environment:create_environment_scripts_only(autonomy_repo)
[0.906s] DEBUG:colcon.colcon_core.event_handler.log_command:Invoked command in '/home/yu/autonomy_ws/build/autonomy_repo' returned '0': CMAKE_PREFIX_PATH=${CMAKE_PREFIX_PATH}:/opt/ros/humble /usr/bin/cmake --install /home/yu/autonomy_ws/build/autonomy_repo
[0.915s] Level 1:colcon.colcon_core.environment:checking '/home/yu/autonomy_ws/install/autonomy_repo' for CMake module files
[0.916s] Level 1:colcon.colcon_core.environment:checking '/home/yu/autonomy_ws/install/autonomy_repo' for CMake config files
[0.916s] Level 1:colcon.colcon_core.shell:create_environment_hook('autonomy_repo', 'cmake_prefix_path')
[0.924s] INFO:colcon.colcon_core.shell:Creating environment hook '/home/yu/autonomy_ws/install/autonomy_repo/share/autonomy_repo/hook/cmake_prefix_path.ps1'
[0.925s] INFO:colcon.colcon_core.shell:Creating environment descriptor '/home/yu/autonomy_ws/install/autonomy_repo/share/autonomy_repo/hook/cmake_prefix_path.dsv'
[0.925s] INFO:colcon.colcon_core.shell:Creating environment hook '/home/yu/autonomy_ws/install/autonomy_repo/share/autonomy_repo/hook/cmake_prefix_path.sh'
[0.926s] Level 1:colcon.colcon_core.environment:checking '/home/yu/autonomy_ws/install/autonomy_repo/lib'
[0.926s] Level 1:colcon.colcon_core.environment:checking '/home/yu/autonomy_ws/install/autonomy_repo/bin'
[0.926s] Level 1:colcon.colcon_core.environment:checking '/home/yu/autonomy_ws/install/autonomy_repo/lib/pkgconfig/autonomy_repo.pc'
[0.926s] Level 1:colcon.colcon_core.environment:checking '/home/yu/autonomy_ws/install/autonomy_repo/lib/python3.10/site-packages'
[0.926s] Level 1:colcon.colcon_core.environment:checking '/home/yu/autonomy_ws/install/autonomy_repo/bin'
[0.935s] INFO:colcon.colcon_core.shell:Creating package script '/home/yu/autonomy_ws/install/autonomy_repo/share/autonomy_repo/package.ps1'
[0.936s] INFO:colcon.colcon_core.shell:Creating package descriptor '/home/yu/autonomy_ws/install/autonomy_repo/share/autonomy_repo/package.dsv'
[0.936s] INFO:colcon.colcon_core.shell:Creating package script '/home/yu/autonomy_ws/install/autonomy_repo/share/autonomy_repo/package.sh'
[0.936s] INFO:colcon.colcon_core.shell:Creating package script '/home/yu/autonomy_ws/install/autonomy_repo/share/autonomy_repo/package.bash'
[0.937s] INFO:colcon.colcon_core.shell:Creating package script '/home/yu/autonomy_ws/install/autonomy_repo/share/autonomy_repo/package.zsh'
[0.937s] Level 1:colcon.colcon_core.environment:create_file_with_runtime_dependencies(/home/yu/autonomy_ws/install/autonomy_repo/share/colcon-core/packages/autonomy_repo)
[0.959s] Level 1:colcon.colcon_core.environment:create_environment_scripts_only(autonomy_repo)
[0.967s] Level 1:colcon.colcon_core.environment:checking '/home/yu/autonomy_ws/install/autonomy_repo' for CMake module files
[0.968s] Level 1:colcon.colcon_core.environment:checking '/home/yu/autonomy_ws/install/autonomy_repo' for CMake config files
[0.968s] Level 1:colcon.colcon_core.shell:create_environment_hook('autonomy_repo', 'cmake_prefix_path')
[0.976s] INFO:colcon.colcon_core.shell:Creating environment hook '/home/yu/autonomy_ws/install/autonomy_repo/share/autonomy_repo/hook/cmake_prefix_path.ps1'
[0.976s] INFO:colcon.colcon_core.shell:Creating environment descriptor '/home/yu/autonomy_ws/install/autonomy_repo/share/autonomy_repo/hook/cmake_prefix_path.dsv'
[0.976s] INFO:colcon.colcon_core.shell:Creating environment hook '/home/yu/autonomy_ws/install/autonomy_repo/share/autonomy_repo/hook/cmake_prefix_path.sh'
[0.977s] Level 1:colcon.colcon_core.environment:checking '/home/yu/autonomy_ws/install/autonomy_repo/lib'
[0.977s] Level 1:colcon.colcon_core.environment:checking '/home/yu/autonomy_ws/install/autonomy_repo/bin'
[0.977s] Level 1:colcon.colcon_core.environment:checking '/home/yu/autonomy_ws/install/autonomy_repo/lib/pkgconfig/autonomy_repo.pc'
[0.977s] Level 1:colcon.colcon_core.environment:checking '/home/yu/autonomy_ws/install/autonomy_repo/lib/python3.10/site-packages'
[0.977s] Level 1:colcon.colcon_core.environment:checking '/home/yu/autonomy_ws/install/autonomy_repo/bin'
[0.986s] INFO:colcon.colcon_core.shell:Creating package script '/home/yu/autonomy_ws/install/autonomy_repo/share/autonomy_repo/package.ps1'
[0.986s] INFO:colcon.colcon_core.shell:Creating package descriptor '/home/yu/autonomy_ws/install/autonomy_repo/share/autonomy_repo/package.dsv'
[0.987s] INFO:colcon.colcon_core.shell:Creating package script '/home/yu/autonomy_ws/install/autonomy_repo/share/autonomy_repo/package.sh'
[0.987s] INFO:colcon.colcon_core.shell:Creating package script '/home/yu/autonomy_ws/install/autonomy_repo/share/autonomy_repo/package.bash'
[0.987s] INFO:colcon.colcon_core.shell:Creating package script '/home/yu/autonomy_ws/install/autonomy_repo/share/autonomy_repo/package.zsh'
[0.987s] Level 1:colcon.colcon_core.environment:create_file_with_runtime_dependencies(/home/yu/autonomy_ws/install/autonomy_repo/share/colcon-core/packages/autonomy_repo)
[0.987s] DEBUG:colcon.colcon_parallel_executor.executor.parallel:closing loop
[0.988s] DEBUG:colcon.colcon_parallel_executor.executor.parallel:loop closed
[0.988s] DEBUG:colcon.colcon_parallel_executor.executor.parallel:run_until_complete finished with '0'
[0.988s] DEBUG:colcon.colcon_core.event_reactor:joining thread
[1.000s] INFO:colcon.colcon_core.plugin_system:Skipping extension 'colcon_notification.desktop_notification.terminal_notifier': Not used on non-Darwin systems
[1.000s] INFO:colcon.colcon_core.plugin_system:Skipping extension 'colcon_notification.desktop_notification.win32': Not used on non-Windows systems
[1.000s] INFO:colcon.colcon_notification.desktop_notification:Sending desktop notification using 'notify2'
[1.008s] DEBUG:colcon.colcon_core.event_reactor:joined thread
[1.016s] INFO:colcon.colcon_core.shell:Creating prefix script '/home/yu/autonomy_ws/install/local_setup.ps1'
[1.017s] INFO:colcon.colcon_core.shell:Creating prefix util module '/home/yu/autonomy_ws/install/_local_setup_util_ps1.py'
[1.018s] INFO:colcon.colcon_core.shell:Creating prefix chain script '/home/yu/autonomy_ws/install/setup.ps1'
[1.027s] INFO:colcon.colcon_core.shell:Creating prefix script '/home/yu/autonomy_ws/install/local_setup.sh'
[1.027s] INFO:colcon.colcon_core.shell:Creating prefix util module '/home/yu/autonomy_ws/install/_local_setup_util_sh.py'
[1.028s] INFO:colcon.colcon_core.shell:Creating prefix chain script '/home/yu/autonomy_ws/install/setup.sh'
[1.037s] INFO:colcon.colcon_core.shell:Creating prefix script '/home/yu/autonomy_ws/install/local_setup.bash'
[1.038s] INFO:colcon.colcon_core.shell:Creating prefix chain script '/home/yu/autonomy_ws/install/setup.bash'
[1.047s] INFO:colcon.colcon_core.shell:Creating prefix script '/home/yu/autonomy_ws/install/local_setup.zsh'
[1.047s] INFO:colcon.colcon_core.shell:Creating prefix chain script '/home/yu/autonomy_ws/install/setup.zsh'
